<?xml version="1.0" encoding="UTF-8"?>
<beans xmlns:webflow-config="http://www.springframework.org/schema/webflow-config"
       xmlns="http://www.springframework.org/schema/beans"
       xmlns:xsi="http://www.w3.org/2001/XMLSchema-instance"
       xmlns:p="http://www.springframework.org/schema/p"
       xmlns:mvc="http://www.springframework.org/schema/mvc"
       xmlns:context="http://www.springframework.org/schema/context"
       xsi:schemaLocation="
        http://www.springframework.org/schema/beans
        http://www.springframework.org/schema/beans/spring-beans.xsd
        http://www.springframework.org/schema/context
        http://www.springframework.org/schema/context/spring-context.xsd
        http://www.springframework.org/schema/mvc
        http://www.springframework.org/schema/mvc/spring-mvc.xsd
        http://www.springframework.org/schema/webflow-config
        http://www.springframework.org/schema/webflow-config/spring-webflow-config.xsd">

    <!-- Scans the classpath of this application for @Components to deploy as beans -->
    <context:component-scan base-package="com.edu"/>

    <!-- Configures the @Controller programming model -->
    <mvc:annotation-driven validator="validator"/>

    <bean id="messageSource" class="org.springframework.context.support.ResourceBundleMessageSource">
        <property name="basename" value="messages"/>
    </bean>

    <bean id="validator" class="org.springframework.validation.beanvalidation.LocalValidatorFactoryBean">
        <property name="validationMessageSource" ref="messageSource"/>
    </bean>

    <bean id="productValidator" class="com.edu.validator.ProductValidator">
        <property name="springValidators">
            <set>
                <ref bean="unitsInStockValidator"/>
            </set>
        </property>
    </bean>

    <bean id="unitsInStockValidator" class="com.edu.validator.UnitsInStockValidator"/>
</beans>